
Collecting usage statistics. To deactivate, set browser.gatherUsageStats to False.

2023-06-14 13:08:04.634 Port 8516 is already in use

Collecting usage statistics. To deactivate, set browser.gatherUsageStats to False.

2023-06-14 13:08:09.415 Port 8516 is already in use

Collecting usage statistics. To deactivate, set browser.gatherUsageStats to False.

2023-06-14 13:08:14.478 Port 8516 is already in use

Collecting usage statistics. To deactivate, set browser.gatherUsageStats to False.

2023-06-14 13:08:19.539 Port 8516 is already in use

Collecting usage statistics. To deactivate, set browser.gatherUsageStats to False.

2023-06-14 13:08:24.698 Port 8516 is already in use

Collecting usage statistics. To deactivate, set browser.gatherUsageStats to False.


  You can now view your Streamlit app in your browser.

  Network URL: http://10.216.96.253:8517
  External URL: http://208.127.110.243:8517


Collecting usage statistics. To deactivate, set browser.gatherUsageStats to False.


  You can now view your Streamlit app in your browser.

  Network URL: http://10.216.96.253:8517
  External URL: http://208.127.110.243:8517


Collecting usage statistics. To deactivate, set browser.gatherUsageStats to False.


  You can now view your Streamlit app in your browser.

  Network URL: http://10.216.96.253:8517
  External URL: http://208.127.110.243:8517


Collecting usage statistics. To deactivate, set browser.gatherUsageStats to False.


  You can now view your Streamlit app in your browser.

  Network URL: http://10.216.96.253:8517
  External URL: http://208.127.110.243:8517


Collecting usage statistics. To deactivate, set browser.gatherUsageStats to False.


  You can now view your Streamlit app in your browser.

  Network URL: http://10.216.96.253:8517
  External URL: http://208.127.110.243:8517

